{"contracts\\Admin.sol":{"l":{"23":21,"24":17,"28":6,"29":4,"33":48,"37":105,"41":10,"42":1,"43":1,"45":9,"46":9,"47":9,"48":9,"53":4,"54":4,"55":4,"59":5,"63":1},"path":"D:\\__Work\\Solidity\\Project\\contracts\\Admin.sol","s":{"1":21,"2":6,"3":48,"4":105,"5":10,"6":1,"7":1,"8":9,"9":9,"10":9,"11":9,"12":4,"13":4,"14":4,"15":5,"16":1},"b":{"1":[17,4],"2":[4,2],"3":[1,9]},"f":{"1":21,"2":6,"3":48,"4":105,"5":10,"6":4,"7":5,"8":1},"fnMap":{"1":{"name":"onlyAdmin","line":22,"loc":{"start":{"line":22,"column":4},"end":{"line":25,"column":4}}},"2":{"name":"notSelf","line":27,"loc":{"start":{"line":27,"column":4},"end":{"line":30,"column":4}}},"3":{"name":"constructor","line":32,"loc":{"start":{"line":32,"column":4},"end":{"line":34,"column":4}}},"4":{"name":"isAuthorized","line":36,"loc":{"start":{"line":36,"column":4},"end":{"line":38,"column":4}}},"5":{"name":"addAdmin","line":40,"loc":{"start":{"line":40,"column":4},"end":{"line":50,"column":4}}},"6":{"name":"removeAdmin","line":52,"loc":{"start":{"line":52,"column":4},"end":{"line":56,"column":4}}},"7":{"name":"getAdmins","line":58,"loc":{"start":{"line":58,"column":4},"end":{"line":60,"column":4}}},"8":{"name":"addAdmins","line":62,"loc":{"start":{"line":62,"column":4},"end":{"line":64,"column":4}}}},"statementMap":{"1":{"start":{"line":23,"column":8},"end":{"line":23,"column":65}},"2":{"start":{"line":28,"column":8},"end":{"line":28,"column":92}},"3":{"start":{"line":33,"column":8},"end":{"line":33,"column":22}},"4":{"start":{"line":37,"column":8},"end":{"line":37,"column":31}},"5":{"start":{"line":41,"column":8},"end":{"line":41,"column":1292}},"6":{"start":{"line":42,"column":12},"end":{"line":42,"column":92}},"7":{"start":{"line":43,"column":12},"end":{"line":43,"column":24}},"8":{"start":{"line":45,"column":12},"end":{"line":45,"column":39}},"9":{"start":{"line":46,"column":12},"end":{"line":46,"column":111}},"10":{"start":{"line":47,"column":12},"end":{"line":47,"column":54}},"11":{"start":{"line":48,"column":12},"end":{"line":48,"column":25}},"12":{"start":{"line":53,"column":8},"end":{"line":53,"column":39}},"13":{"start":{"line":54,"column":8},"end":{"line":54,"column":44}},"14":{"start":{"line":55,"column":8},"end":{"line":55,"column":22}},"15":{"start":{"line":59,"column":8},"end":{"line":59,"column":24}},"16":{"start":{"line":63,"column":8},"end":{"line":63,"column":31}}},"branchMap":{"1":{"line":23,"type":"if","locations":[{"start":{"line":23,"column":8},"end":{"line":23,"column":8}},{"start":{"line":23,"column":8},"end":{"line":23,"column":8}}]},"2":{"line":28,"type":"if","locations":[{"start":{"line":28,"column":8},"end":{"line":28,"column":8}},{"start":{"line":28,"column":8},"end":{"line":28,"column":8}}]},"3":{"line":41,"type":"if","locations":[{"start":{"line":41,"column":8},"end":{"line":41,"column":8}},{"start":{"line":41,"column":8},"end":{"line":41,"column":8}}]}}},"contracts\\AdminList.sol":{"l":{"34":13,"38":133,"42":74,"43":72,"44":72,"45":72,"47":2,"51":4,"52":4,"53":11,"54":1,"55":1,"57":3,"58":3,"60":7,"61":7,"62":7,"63":7,"67":4,"71":6,"72":6,"74":4,"75":1,"76":1,"77":1,"81":4,"82":4,"83":4,"85":2},"path":"D:\\__Work\\Solidity\\Project\\contracts\\AdminList.sol","s":{"1":13,"2":133,"3":74,"4":72,"5":72,"6":72,"7":2,"8":4,"9":4,"10":11,"11":1,"12":1,"13":10,"14":3,"15":3,"16":7,"17":7,"18":7,"19":7,"20":4,"21":6,"22":6,"23":4,"24":1,"25":1,"26":1,"27":4,"28":4,"29":4,"30":2},"b":{"1":[72,2],"2":[1,10],"3":[3,7],"4":[4,2],"5":[1,3]},"f":{"1":13,"2":133,"3":74,"4":4,"5":6},"fnMap":{"1":{"name":"size","line":33,"loc":{"start":{"line":33,"column":4},"end":{"line":35,"column":4}}},"2":{"name":"exists","line":37,"loc":{"start":{"line":37,"column":4},"end":{"line":39,"column":4}}},"3":{"name":"add","line":41,"loc":{"start":{"line":41,"column":4},"end":{"line":48,"column":4}}},"4":{"name":"addAll","line":50,"loc":{"start":{"line":50,"column":4},"end":{"line":68,"column":4}}},"5":{"name":"remove","line":70,"loc":{"start":{"line":70,"column":4},"end":{"line":86,"column":4}}}},"statementMap":{"1":{"start":{"line":34,"column":8},"end":{"line":34,"column":31}},"2":{"start":{"line":38,"column":8},"end":{"line":38,"column":37}},"3":{"start":{"line":42,"column":8},"end":{"line":42,"column":1273}},"4":{"start":{"line":43,"column":12},"end":{"line":43,"column":35}},"5":{"start":{"line":44,"column":12},"end":{"line":44,"column":47}},"6":{"start":{"line":45,"column":12},"end":{"line":45,"column":23}},"7":{"start":{"line":47,"column":8},"end":{"line":47,"column":20}},"8":{"start":{"line":51,"column":8},"end":{"line":51,"column":28}},"9":{"start":{"line":52,"column":8},"end":{"line":52,"column":1566}},"10":{"start":{"line":53,"column":12},"end":{"line":53,"column":1625}},"11":{"start":{"line":54,"column":16},"end":{"line":54,"column":99}},"12":{"start":{"line":55,"column":16},"end":{"line":55,"column":43}},"13":{"start":{"line":56,"column":19},"end":{"line":56,"column":1824}},"14":{"start":{"line":57,"column":16},"end":{"line":57,"column":82}},"15":{"start":{"line":58,"column":16},"end":{"line":58,"column":43}},"16":{"start":{"line":60,"column":16},"end":{"line":60,"column":46}},"17":{"start":{"line":61,"column":16},"end":{"line":61,"column":115}},"18":{"start":{"line":62,"column":16},"end":{"line":62,"column":61}},"19":{"start":{"line":63,"column":16},"end":{"line":63,"column":44}},"20":{"start":{"line":67,"column":8},"end":{"line":67,"column":23}},"21":{"start":{"line":71,"column":8},"end":{"line":71,"column":41}},"22":{"start":{"line":72,"column":8},"end":{"line":72,"column":2446}},"23":{"start":{"line":74,"column":12},"end":{"line":74,"column":2624}},"24":{"start":{"line":75,"column":16},"end":{"line":75,"column":69}},"25":{"start":{"line":76,"column":16},"end":{"line":76,"column":49}},"26":{"start":{"line":77,"column":16},"end":{"line":77,"column":43}},"27":{"start":{"line":81,"column":12},"end":{"line":81,"column":26}},"28":{"start":{"line":82,"column":12},"end":{"line":82,"column":32}},"29":{"start":{"line":83,"column":12},"end":{"line":83,"column":23}},"30":{"start":{"line":85,"column":8},"end":{"line":85,"column":20}}},"branchMap":{"1":{"line":42,"type":"if","locations":[{"start":{"line":42,"column":8},"end":{"line":42,"column":8}},{"start":{"line":42,"column":8},"end":{"line":42,"column":8}}]},"2":{"line":53,"type":"if","locations":[{"start":{"line":53,"column":12},"end":{"line":53,"column":12}},{"start":{"line":53,"column":12},"end":{"line":53,"column":12}}]},"3":{"line":56,"type":"if","locations":[{"start":{"line":56,"column":19},"end":{"line":56,"column":19}},{"start":{"line":56,"column":19},"end":{"line":56,"column":19}}]},"4":{"line":72,"type":"if","locations":[{"start":{"line":72,"column":8},"end":{"line":72,"column":8}},{"start":{"line":72,"column":8},"end":{"line":72,"column":8}}]},"5":{"line":74,"type":"if","locations":[{"start":{"line":74,"column":12},"end":{"line":74,"column":12}},{"start":{"line":74,"column":12},"end":{"line":74,"column":12}}]}}},"contracts\\AdminProxy.sol":{"l":{},"path":"D:\\__Work\\Solidity\\Project\\contracts\\AdminProxy.sol","s":{},"b":{},"f":{},"fnMap":{},"statementMap":{},"branchMap":{}},"contracts\\ExposedAdminList.sol":{"l":{"24":13,"28":18,"32":10,"36":2,"40":3},"path":"D:\\__Work\\Solidity\\Project\\contracts\\ExposedAdminList.sol","s":{"1":13,"2":18,"3":10,"4":2,"5":3},"b":{},"f":{"1":13,"2":18,"3":10,"4":2,"5":3},"fnMap":{"1":{"name":"_size","line":23,"loc":{"start":{"line":23,"column":4},"end":{"line":25,"column":4}}},"2":{"name":"_exists","line":27,"loc":{"start":{"line":27,"column":4},"end":{"line":29,"column":4}}},"3":{"name":"_add","line":31,"loc":{"start":{"line":31,"column":4},"end":{"line":33,"column":4}}},"4":{"name":"_remove","line":35,"loc":{"start":{"line":35,"column":4},"end":{"line":37,"column":4}}},"5":{"name":"_addBatch","line":39,"loc":{"start":{"line":39,"column":4},"end":{"line":41,"column":4}}}},"statementMap":{"1":{"start":{"line":24,"column":8},"end":{"line":24,"column":21}},"2":{"start":{"line":28,"column":8},"end":{"line":28,"column":31}},"3":{"start":{"line":32,"column":8},"end":{"line":32,"column":28}},"4":{"start":{"line":36,"column":8},"end":{"line":36,"column":31}},"5":{"start":{"line":40,"column":8},"end":{"line":40,"column":33}}},"branchMap":{}},"contracts\\ExposedNodeRulesList.sol":{"l":{"24":19,"28":4,"32":8,"36":8,"40":10,"44":3},"path":"D:\\__Work\\Solidity\\Project\\contracts\\ExposedNodeRulesList.sol","s":{"1":19,"2":4,"3":8,"4":8,"5":10,"6":3},"b":{},"f":{"1":19,"2":4,"3":8,"4":8,"5":10,"6":3},"fnMap":{"1":{"name":"_setStorage","line":23,"loc":{"start":{"line":23,"column":4},"end":{"line":25,"column":4}}},"2":{"name":"_calculateKey","line":27,"loc":{"start":{"line":27,"column":4},"end":{"line":29,"column":4}}},"3":{"name":"_size","line":31,"loc":{"start":{"line":31,"column":4},"end":{"line":33,"column":4}}},"4":{"name":"_exists","line":35,"loc":{"start":{"line":35,"column":4},"end":{"line":37,"column":4}}},"5":{"name":"_add","line":39,"loc":{"start":{"line":39,"column":4},"end":{"line":41,"column":4}}},"6":{"name":"_remove","line":43,"loc":{"start":{"line":43,"column":4},"end":{"line":45,"column":4}}}},"statementMap":{"1":{"start":{"line":24,"column":8},"end":{"line":24,"column":35}},"2":{"start":{"line":28,"column":8},"end":{"line":28,"column":51}},"3":{"start":{"line":32,"column":8},"end":{"line":32,"column":21}},"4":{"start":{"line":36,"column":8},"end":{"line":36,"column":45}},"5":{"start":{"line":40,"column":8},"end":{"line":40,"column":42}},"6":{"start":{"line":44,"column":8},"end":{"line":44,"column":45}}},"branchMap":{}},"contracts\\Ingress.sol":{"l":{"37":90,"38":89,"42":1,"46":50,"47":28,"49":22,"54":46,"55":44,"56":42,"58":40,"59":36,"60":36,"63":40,"65":40,"67":40,"71":10,"72":8,"73":6,"75":4,"76":4,"78":3,"79":1,"80":1,"81":1,"85":3,"86":3,"87":3,"88":3,"89":3,"91":1,"95":9},"path":"D:\\__Work\\Solidity\\Project\\contracts\\Ingress.sol","s":{"1":90,"2":89,"3":1,"4":50,"5":28,"6":22,"7":46,"8":44,"9":42,"10":40,"11":36,"12":36,"13":40,"14":40,"15":40,"16":10,"17":8,"18":6,"19":4,"20":4,"21":3,"22":1,"23":1,"24":1,"25":3,"26":3,"27":3,"28":3,"29":3,"30":1,"31":9},"b":{"1":[89,1],"2":[28,22],"3":[44,2],"4":[42,2],"5":[40,2],"6":[36,4],"7":[8,2],"8":[6,2],"9":[4,2],"10":[3,1],"11":[1,2]},"f":{"1":90,"2":1,"3":50,"4":46,"5":10,"6":9},"fnMap":{"1":{"name":"getContractAddress","line":36,"loc":{"start":{"line":36,"column":4},"end":{"line":39,"column":4}}},"2":{"name":"getSize","line":41,"loc":{"start":{"line":41,"column":4},"end":{"line":43,"column":4}}},"3":{"name":"isAuthorized","line":45,"loc":{"start":{"line":45,"column":4},"end":{"line":51,"column":4}}},"4":{"name":"setContractAddress","line":53,"loc":{"start":{"line":53,"column":4},"end":{"line":68,"column":4}}},"5":{"name":"removeContract","line":70,"loc":{"start":{"line":70,"column":4},"end":{"line":92,"column":4}}},"6":{"name":"getAllContractKeys","line":94,"loc":{"start":{"line":94,"column":4},"end":{"line":96,"column":4}}}},"statementMap":{"1":{"start":{"line":37,"column":8},"end":{"line":37,"column":60}},"2":{"start":{"line":38,"column":8},"end":{"line":38,"column":29}},"3":{"start":{"line":42,"column":8},"end":{"line":42,"column":34}},"4":{"start":{"line":46,"column":8},"end":{"line":46,"column":1641}},"5":{"start":{"line":47,"column":12},"end":{"line":47,"column":23}},"6":{"start":{"line":49,"column":12},"end":{"line":49,"column":77}},"7":{"start":{"line":54,"column":8},"end":{"line":54,"column":60}},"8":{"start":{"line":55,"column":8},"end":{"line":55,"column":72}},"9":{"start":{"line":56,"column":8},"end":{"line":56,"column":87}},"10":{"start":{"line":58,"column":8},"end":{"line":58,"column":2148}},"11":{"start":{"line":59,"column":12},"end":{"line":59,"column":34}},"12":{"start":{"line":60,"column":12},"end":{"line":60,"column":46}},"13":{"start":{"line":63,"column":8},"end":{"line":63,"column":28}},"14":{"start":{"line":65,"column":8},"end":{"line":65,"column":40}},"15":{"start":{"line":67,"column":8},"end":{"line":67,"column":19}},"16":{"start":{"line":71,"column":8},"end":{"line":71,"column":61}},"17":{"start":{"line":72,"column":8},"end":{"line":72,"column":114}},"18":{"start":{"line":73,"column":8},"end":{"line":73,"column":87}},"19":{"start":{"line":75,"column":8},"end":{"line":75,"column":38}},"20":{"start":{"line":76,"column":8},"end":{"line":76,"column":2762}},"21":{"start":{"line":78,"column":12},"end":{"line":78,"column":2943}},"22":{"start":{"line":79,"column":16},"end":{"line":79,"column":71}},"23":{"start":{"line":80,"column":16},"end":{"line":80,"column":48}},"24":{"start":{"line":81,"column":16},"end":{"line":81,"column":39}},"25":{"start":{"line":85,"column":12},"end":{"line":85,"column":29}},"26":{"start":{"line":86,"column":12},"end":{"line":86,"column":29}},"27":{"start":{"line":87,"column":12},"end":{"line":87,"column":39}},"28":{"start":{"line":88,"column":12},"end":{"line":88,"column":51}},"29":{"start":{"line":89,"column":12},"end":{"line":89,"column":23}},"30":{"start":{"line":91,"column":8},"end":{"line":91,"column":20}},"31":{"start":{"line":95,"column":8},"end":{"line":95,"column":27}}},"branchMap":{"1":{"line":37,"type":"if","locations":[{"start":{"line":37,"column":8},"end":{"line":37,"column":8}},{"start":{"line":37,"column":8},"end":{"line":37,"column":8}}]},"2":{"line":46,"type":"if","locations":[{"start":{"line":46,"column":8},"end":{"line":46,"column":8}},{"start":{"line":46,"column":8},"end":{"line":46,"column":8}}]},"3":{"line":54,"type":"if","locations":[{"start":{"line":54,"column":8},"end":{"line":54,"column":8}},{"start":{"line":54,"column":8},"end":{"line":54,"column":8}}]},"4":{"line":55,"type":"if","locations":[{"start":{"line":55,"column":8},"end":{"line":55,"column":8}},{"start":{"line":55,"column":8},"end":{"line":55,"column":8}}]},"5":{"line":56,"type":"if","locations":[{"start":{"line":56,"column":8},"end":{"line":56,"column":8}},{"start":{"line":56,"column":8},"end":{"line":56,"column":8}}]},"6":{"line":58,"type":"if","locations":[{"start":{"line":58,"column":8},"end":{"line":58,"column":8}},{"start":{"line":58,"column":8},"end":{"line":58,"column":8}}]},"7":{"line":71,"type":"if","locations":[{"start":{"line":71,"column":8},"end":{"line":71,"column":8}},{"start":{"line":71,"column":8},"end":{"line":71,"column":8}}]},"8":{"line":72,"type":"if","locations":[{"start":{"line":72,"column":8},"end":{"line":72,"column":8}},{"start":{"line":72,"column":8},"end":{"line":72,"column":8}}]},"9":{"line":73,"type":"if","locations":[{"start":{"line":73,"column":8},"end":{"line":73,"column":8}},{"start":{"line":73,"column":8},"end":{"line":73,"column":8}}]},"10":{"line":76,"type":"if","locations":[{"start":{"line":76,"column":8},"end":{"line":76,"column":8}},{"start":{"line":76,"column":8},"end":{"line":76,"column":8}}]},"11":{"line":78,"type":"if","locations":[{"start":{"line":78,"column":12},"end":{"line":78,"column":12}},{"start":{"line":78,"column":12},"end":{"line":78,"column":12}}]}}},"contracts\\Migrations.sol":{"l":{"23":4,"27":4,"31":2,"35":1,"36":1},"path":"D:\\__Work\\Solidity\\Project\\contracts\\Migrations.sol","s":{"1":4,"2":4,"3":2,"4":1,"5":1},"b":{"1":[3,1]},"f":{"1":4,"2":4,"3":2,"4":1},"fnMap":{"1":{"name":"restricted","line":22,"loc":{"start":{"line":22,"column":4},"end":{"line":24,"column":4}}},"2":{"name":"constructor","line":26,"loc":{"start":{"line":26,"column":4},"end":{"line":28,"column":4}}},"3":{"name":"setCompleted","line":30,"loc":{"start":{"line":30,"column":4},"end":{"line":32,"column":4}}},"4":{"name":"upgrade","line":34,"loc":{"start":{"line":34,"column":4},"end":{"line":37,"column":4}}}},"statementMap":{"1":{"start":{"line":23,"column":8},"end":{"line":23,"column":34}},"2":{"start":{"line":27,"column":8},"end":{"line":27,"column":25}},"3":{"start":{"line":31,"column":8},"end":{"line":31,"column":43}},"4":{"start":{"line":35,"column":8},"end":{"line":35,"column":53}},"5":{"start":{"line":36,"column":8},"end":{"line":36,"column":54}}},"branchMap":{"1":{"line":23,"type":"if","locations":[{"start":{"line":23,"column":8},"end":{"line":23,"column":8}},{"start":{"line":23,"column":8},"end":{"line":23,"column":8}}]}}},"contracts\\NodeIngress.sol":{"l":{"30":0,"34":17,"35":15,"43":5,"44":1,"47":4},"path":"D:\\__Work\\Solidity\\Project\\contracts\\NodeIngress.sol","s":{"1":0,"2":17,"3":15,"4":5,"5":1,"6":4},"b":{"1":[15,2],"2":[1,4]},"f":{"1":0,"2":17,"3":5},"fnMap":{"1":{"name":"getContractVersion","line":29,"loc":{"start":{"line":29,"column":4},"end":{"line":31,"column":4}}},"2":{"name":"emitRulesChangeEvent","line":33,"loc":{"start":{"line":33,"column":4},"end":{"line":36,"column":4}}},"3":{"name":"connectionAllowed","line":38,"loc":{"start":{"line":38,"column":4},"end":{"line":52,"column":4}}}},"statementMap":{"1":{"start":{"line":30,"column":8},"end":{"line":30,"column":22}},"2":{"start":{"line":34,"column":8},"end":{"line":34,"column":109}},"3":{"start":{"line":35,"column":8},"end":{"line":35,"column":53}},"4":{"start":{"line":43,"column":8},"end":{"line":43,"column":1447}},"5":{"start":{"line":44,"column":12},"end":{"line":44,"column":24}},"6":{"start":{"line":47,"column":8},"end":{"line":47,"column":1548}}},"branchMap":{"1":{"line":34,"type":"if","locations":[{"start":{"line":34,"column":8},"end":{"line":34,"column":8}},{"start":{"line":34,"column":8},"end":{"line":34,"column":8}}]},"2":{"line":43,"type":"if","locations":[{"start":{"line":43,"column":8},"end":{"line":43,"column":8}},{"start":{"line":43,"column":8},"end":{"line":43,"column":8}}]}}},"contracts\\NodeRules.sol":{"l":{"48":21,"49":17,"53":36,"55":36,"56":34,"57":30,"61":41,"62":41,"67":1,"72":3,"76":6,"77":4,"78":4,"82":3,"83":1,"84":1,"92":11,"105":20,"113":11,"115":11,"116":10,"118":11,"125":11,"133":6,"135":6,"136":4,"138":6,"145":6,"149":3,"153":17,"157":0},"path":"D:\\__Work\\Solidity\\Project\\contracts\\NodeRules.sol","s":{"1":21,"2":36,"3":36,"4":34,"5":41,"6":41,"7":1,"8":3,"9":6,"10":4,"11":4,"12":3,"13":1,"14":1,"15":11,"16":20,"17":11,"18":11,"19":10,"20":11,"21":11,"22":6,"23":6,"24":4,"25":6,"26":6,"27":3,"28":17,"29":0},"b":{"1":[17,4],"2":[34,2],"3":[30,4],"4":[4,2],"5":[1,2],"6":[10,1],"7":[4,2]},"f":{"1":21,"2":36,"3":41,"4":1,"5":3,"6":6,"7":3,"8":11,"9":20,"10":11,"11":6,"12":3,"13":17,"14":0},"fnMap":{"1":{"name":"onlyOnEditMode","line":47,"loc":{"start":{"line":47,"column":4},"end":{"line":50,"column":4}}},"2":{"name":"onlyAdmin","line":52,"loc":{"start":{"line":52,"column":4},"end":{"line":58,"column":4}}},"3":{"name":"constructor","line":60,"loc":{"start":{"line":60,"column":4},"end":{"line":63,"column":4}}},"4":{"name":"getContractVersion","line":66,"loc":{"start":{"line":66,"column":4},"end":{"line":68,"column":4}}},"5":{"name":"isReadOnly","line":71,"loc":{"start":{"line":71,"column":4},"end":{"line":73,"column":4}}},"6":{"name":"enterReadOnly","line":75,"loc":{"start":{"line":75,"column":4},"end":{"line":79,"column":4}}},"7":{"name":"exitReadOnly","line":81,"loc":{"start":{"line":81,"column":4},"end":{"line":85,"column":4}}},"8":{"name":"connectionAllowed","line":87,"loc":{"start":{"line":87,"column":4},"end":{"line":98,"column":4}}},"9":{"name":"enodePermitted","line":100,"loc":{"start":{"line":100,"column":4},"end":{"line":106,"column":4}}},"10":{"name":"addEnode","line":112,"loc":{"start":{"line":108,"column":4},"end":{"line":126,"column":4}}},"11":{"name":"removeEnode","line":132,"loc":{"start":{"line":128,"column":4},"end":{"line":146,"column":4}}},"12":{"name":"getSize","line":148,"loc":{"start":{"line":148,"column":4},"end":{"line":150,"column":4}}},"13":{"name":"triggerRulesChangeEvent","line":152,"loc":{"start":{"line":152,"column":4},"end":{"line":154,"column":4}}},"14":{"name":"activateValidationEnodeIdOnly","line":156,"loc":{"start":{"line":156,"column":4},"end":{"line":158,"column":4}}}},"statementMap":{"1":{"start":{"line":48,"column":8},"end":{"line":48,"column":76}},"2":{"start":{"line":53,"column":8},"end":{"line":53,"column":115}},"3":{"start":{"line":55,"column":8},"end":{"line":55,"column":106}},"4":{"start":{"line":56,"column":8},"end":{"line":56,"column":93}},"5":{"start":{"line":61,"column":8},"end":{"line":61,"column":27}},"6":{"start":{"line":62,"column":8},"end":{"line":62,"column":48}},"7":{"start":{"line":67,"column":8},"end":{"line":67,"column":22}},"8":{"start":{"line":72,"column":8},"end":{"line":72,"column":27}},"9":{"start":{"line":76,"column":8},"end":{"line":76,"column":66}},"10":{"start":{"line":77,"column":8},"end":{"line":77,"column":26}},"11":{"start":{"line":78,"column":8},"end":{"line":78,"column":19}},"12":{"start":{"line":82,"column":8},"end":{"line":82,"column":61}},"13":{"start":{"line":83,"column":8},"end":{"line":83,"column":27}},"14":{"start":{"line":84,"column":8},"end":{"line":84,"column":19}},"15":{"start":{"line":92,"column":8},"end":{"line":92,"column":2865}},"16":{"start":{"line":105,"column":8},"end":{"line":105,"column":42}},"17":{"start":{"line":113,"column":8},"end":{"line":113,"column":45}},"18":{"start":{"line":115,"column":8},"end":{"line":115,"column":3409}},"19":{"start":{"line":116,"column":12},"end":{"line":116,"column":41}},"20":{"start":{"line":118,"column":8},"end":{"line":118,"column":3485}},"21":{"start":{"line":125,"column":8},"end":{"line":125,"column":20}},"22":{"start":{"line":133,"column":8},"end":{"line":133,"column":50}},"23":{"start":{"line":135,"column":8},"end":{"line":135,"column":3843}},"24":{"start":{"line":136,"column":12},"end":{"line":136,"column":40}},"25":{"start":{"line":138,"column":8},"end":{"line":138,"column":3920}},"26":{"start":{"line":145,"column":8},"end":{"line":145,"column":22}},"27":{"start":{"line":149,"column":8},"end":{"line":149,"column":21}},"28":{"start":{"line":153,"column":8},"end":{"line":153,"column":65}},"29":{"start":{"line":157,"column":8},"end":{"line":157,"column":54}}},"branchMap":{"1":{"line":48,"type":"if","locations":[{"start":{"line":48,"column":8},"end":{"line":48,"column":8}},{"start":{"line":48,"column":8},"end":{"line":48,"column":8}}]},"2":{"line":55,"type":"if","locations":[{"start":{"line":55,"column":8},"end":{"line":55,"column":8}},{"start":{"line":55,"column":8},"end":{"line":55,"column":8}}]},"3":{"line":56,"type":"if","locations":[{"start":{"line":56,"column":8},"end":{"line":56,"column":8}},{"start":{"line":56,"column":8},"end":{"line":56,"column":8}}]},"4":{"line":76,"type":"if","locations":[{"start":{"line":76,"column":8},"end":{"line":76,"column":8}},{"start":{"line":76,"column":8},"end":{"line":76,"column":8}}]},"5":{"line":82,"type":"if","locations":[{"start":{"line":82,"column":8},"end":{"line":82,"column":8}},{"start":{"line":82,"column":8},"end":{"line":82,"column":8}}]},"6":{"line":115,"type":"if","locations":[{"start":{"line":115,"column":8},"end":{"line":115,"column":8}},{"start":{"line":115,"column":8},"end":{"line":115,"column":8}}]},"7":{"line":135,"type":"if","locations":[{"start":{"line":135,"column":8},"end":{"line":135,"column":8}},{"start":{"line":135,"column":8},"end":{"line":135,"column":8}}]}}},"contracts\\NodeRulesList.sol":{"l":{"32":41,"36":8,"40":11,"44":30,"48":14,"52":10,"56":0,"60":0,"64":0},"path":"D:\\__Work\\Solidity\\Project\\contracts\\NodeRulesList.sol","s":{"1":49,"2":8,"3":13,"4":23,"5":15,"6":6,"7":0,"8":0,"9":0},"b":{},"f":{"1":41,"2":8,"3":11,"4":30,"5":14,"6":10,"7":0,"8":0,"9":0},"fnMap":{"1":{"name":"setStorage","line":31,"loc":{"start":{"line":31,"column":4},"end":{"line":33,"column":4}}},"2":{"name":"upgradeVersion","line":35,"loc":{"start":{"line":35,"column":4},"end":{"line":37,"column":4}}},"3":{"name":"size","line":39,"loc":{"start":{"line":39,"column":4},"end":{"line":41,"column":4}}},"4":{"name":"exists","line":43,"loc":{"start":{"line":43,"column":4},"end":{"line":45,"column":4}}},"5":{"name":"add","line":47,"loc":{"start":{"line":47,"column":4},"end":{"line":49,"column":4}}},"6":{"name":"remove","line":51,"loc":{"start":{"line":51,"column":4},"end":{"line":53,"column":4}}},"7":{"name":"calculateKey","line":55,"loc":{"start":{"line":55,"column":4},"end":{"line":57,"column":4}}},"8":{"name":"getByIndex","line":59,"loc":{"start":{"line":59,"column":4},"end":{"line":61,"column":4}}},"9":{"name":"setValidateEnodeIdOnly","line":63,"loc":{"start":{"line":63,"column":4},"end":{"line":65,"column":4}}}},"statementMap":{"1":{"start":{"line":32,"column":8},"end":{"line":32,"column":29}},"2":{"start":{"line":36,"column":8},"end":{"line":36,"column":46}},"3":{"start":{"line":40,"column":8},"end":{"line":40,"column":33}},"4":{"start":{"line":44,"column":8},"end":{"line":44,"column":57}},"5":{"start":{"line":48,"column":8},"end":{"line":48,"column":54}},"6":{"start":{"line":52,"column":8},"end":{"line":52,"column":57}},"7":{"start":{"line":56,"column":8},"end":{"line":56,"column":63}},"8":{"start":{"line":60,"column":8},"end":{"line":60,"column":44}},"9":{"start":{"line":64,"column":8},"end":{"line":64,"column":66}}},"branchMap":{}},"contracts\\NodeRulesProxy.sol":{"l":{},"path":"D:\\__Work\\Solidity\\Project\\contracts\\NodeRulesProxy.sol","s":{},"b":{},"f":{},"fnMap":{},"statementMap":{},"branchMap":{}},"contracts\\NodeStorage.sol":{"l":{"47":37,"48":37,"52":33,"53":21,"57":21,"58":25,"60":25,"62":23,"63":40,"65":40,"69":13,"70":13,"74":28,"78":22,"82":20,"83":20,"84":20,"85":2,"86":2,"88":9,"92":9,"93":5,"95":5,"97":1,"98":1,"99":4,"100":5,"104":5,"105":4,"106":4,"109":2,"113":1,"114":1,"115":2,"120":1,"121":1,"125":1,"126":1,"127":1,"128":1,"131":1,"133":1,"134":1,"135":67,"138":67,"142":65,"143":2,"145":0},"path":"D:\\__Work\\Solidity\\Project\\contracts\\NodeStorage.sol","s":{"1":37,"2":37,"3":46,"4":21,"5":25,"6":23,"7":23,"8":40,"9":13,"10":28,"11":22,"12":22,"13":20,"14":20,"15":20,"16":2,"17":9,"18":9,"19":9,"20":5,"21":1,"22":1,"23":1,"24":5,"25":5,"26":5,"27":4,"28":2,"29":1,"30":1,"31":2,"32":2,"33":1,"34":1,"35":1,"36":1,"37":1,"38":1,"39":1,"40":1,"41":1,"42":67,"43":65,"44":2,"45":0,"46":0},"b":{"1":[46,0],"2":[19,25],"3":[25,0],"4":[21,2],"5":[40,0],"6":[20,9],"7":[1,2],"8":[1,5],"9":[1,1],"10":[1,1],"11":[2,0]},"f":{"1":68,"2":33,"3":21,"4":40,"5":28,"6":22,"7":22,"8":9,"9":1,"10":1,"11":65},"fnMap":{"1":{"name":"constructor","line":46,"loc":{"start":{"line":46,"column":4},"end":{"line":49,"column":4}}},"2":{"name":"onlyLatestVersion","line":51,"loc":{"start":{"line":51,"column":4},"end":{"line":54,"column":4}}},"3":{"name":"onlyAdmin","line":56,"loc":{"start":{"line":56,"column":4},"end":{"line":66,"column":4}}},"4":{"name":"upgradeVersion","line":68,"loc":{"start":{"line":68,"column":4},"end":{"line":71,"column":4}}},"5":{"name":"size","line":73,"loc":{"start":{"line":73,"column":4},"end":{"line":75,"column":4}}},"6":{"name":"exists","line":77,"loc":{"start":{"line":77,"column":4},"end":{"line":79,"column":4}}},"7":{"name":"add","line":81,"loc":{"start":{"line":81,"column":4},"end":{"line":89,"column":4}}},"8":{"name":"remove","line":91,"loc":{"start":{"line":91,"column":4},"end":{"line":110,"column":4}}},"9":{"name":"getByIndex","line":112,"loc":{"start":{"line":112,"column":4},"end":{"line":117,"column":4}}},"10":{"name":"setValidateEnodeIdOnly","line":119,"loc":{"start":{"line":119,"column":4},"end":{"line":139,"column":4}}},"11":{"name":"calculateKey","line":141,"loc":{"start":{"line":141,"column":4},"end":{"line":146,"column":4}}}},"statementMap":{"1":{"start":{"line":47,"column":8},"end":{"line":47,"column":41}},"2":{"start":{"line":48,"column":8},"end":{"line":48,"column":29}},"3":{"start":{"line":52,"column":8},"end":{"line":52,"column":89}},"4":{"start":{"line":57,"column":8},"end":{"line":57,"column":1609}},"5":{"start":{"line":58,"column":12},"end":{"line":58,"column":111}},"6":{"start":{"line":60,"column":12},"end":{"line":60,"column":111}},"7":{"start":{"line":62,"column":12},"end":{"line":62,"column":110}},"8":{"start":{"line":63,"column":12},"end":{"line":63,"column":97}},"9":{"start":{"line":69,"column":8},"end":{"line":69,"column":54}},"10":{"start":{"line":70,"column":8},"end":{"line":70,"column":34}},"11":{"start":{"line":74,"column":8},"end":{"line":74,"column":31}},"12":{"start":{"line":78,"column":8},"end":{"line":78,"column":65}},"13":{"start":{"line":82,"column":8},"end":{"line":82,"column":58}},"14":{"start":{"line":83,"column":8},"end":{"line":83,"column":2769}},"15":{"start":{"line":84,"column":12},"end":{"line":84,"column":56}},"16":{"start":{"line":85,"column":12},"end":{"line":85,"column":42}},"17":{"start":{"line":86,"column":12},"end":{"line":86,"column":23}},"18":{"start":{"line":88,"column":8},"end":{"line":88,"column":20}},"19":{"start":{"line":92,"column":8},"end":{"line":92,"column":58}},"20":{"start":{"line":93,"column":8},"end":{"line":93,"column":36}},"21":{"start":{"line":95,"column":8},"end":{"line":95,"column":3190}},"22":{"start":{"line":97,"column":12},"end":{"line":97,"column":3365}},"23":{"start":{"line":98,"column":16},"end":{"line":98,"column":72}},"24":{"start":{"line":99,"column":16},"end":{"line":99,"column":47}},"25":{"start":{"line":100,"column":16},"end":{"line":100,"column":93}},"26":{"start":{"line":104,"column":12},"end":{"line":104,"column":26}},"27":{"start":{"line":105,"column":12},"end":{"line":105,"column":27}},"28":{"start":{"line":106,"column":12},"end":{"line":106,"column":23}},"29":{"start":{"line":109,"column":8},"end":{"line":109,"column":20}},"30":{"start":{"line":113,"column":8},"end":{"line":113,"column":3903}},"31":{"start":{"line":114,"column":12},"end":{"line":114,"column":48}},"32":{"start":{"line":115,"column":12},"end":{"line":115,"column":53}},"33":{"start":{"line":120,"column":8},"end":{"line":120,"column":4170}},"34":{"start":{"line":121,"column":12},"end":{"line":121,"column":23}},"35":{"start":{"line":125,"column":8},"end":{"line":125,"column":26}},"36":{"start":{"line":126,"column":8},"end":{"line":126,"column":4325}},"37":{"start":{"line":127,"column":12},"end":{"line":127,"column":35}},"38":{"start":{"line":128,"column":12},"end":{"line":128,"column":73}},"39":{"start":{"line":131,"column":8},"end":{"line":131,"column":39}},"40":{"start":{"line":133,"column":8},"end":{"line":133,"column":4562}},"41":{"start":{"line":134,"column":12},"end":{"line":134,"column":35}},"42":{"start":{"line":135,"column":12},"end":{"line":135,"column":81}},"43":{"start":{"line":138,"column":8},"end":{"line":138,"column":19}},"44":{"start":{"line":142,"column":8},"end":{"line":142,"column":4908}},"45":{"start":{"line":143,"column":12},"end":{"line":143,"column":79}},"46":{"start":{"line":145,"column":8},"end":{"line":145,"column":61}}},"branchMap":{"1":{"line":52,"type":"if","locations":[{"start":{"line":52,"column":8},"end":{"line":52,"column":8}},{"start":{"line":52,"column":8},"end":{"line":52,"column":8}}]},"2":{"line":57,"type":"if","locations":[{"start":{"line":57,"column":8},"end":{"line":57,"column":8}},{"start":{"line":57,"column":8},"end":{"line":57,"column":8}}]},"3":{"line":58,"type":"if","locations":[{"start":{"line":58,"column":12},"end":{"line":58,"column":12}},{"start":{"line":58,"column":12},"end":{"line":58,"column":12}}]},"4":{"line":62,"type":"if","locations":[{"start":{"line":62,"column":12},"end":{"line":62,"column":12}},{"start":{"line":62,"column":12},"end":{"line":62,"column":12}}]},"5":{"line":63,"type":"if","locations":[{"start":{"line":63,"column":12},"end":{"line":63,"column":12}},{"start":{"line":63,"column":12},"end":{"line":63,"column":12}}]},"6":{"line":83,"type":"if","locations":[{"start":{"line":83,"column":8},"end":{"line":83,"column":8}},{"start":{"line":83,"column":8},"end":{"line":83,"column":8}}]},"7":{"line":95,"type":"if","locations":[{"start":{"line":95,"column":8},"end":{"line":95,"column":8}},{"start":{"line":95,"column":8},"end":{"line":95,"column":8}}]},"8":{"line":97,"type":"if","locations":[{"start":{"line":97,"column":12},"end":{"line":97,"column":12}},{"start":{"line":97,"column":12},"end":{"line":97,"column":12}}]},"9":{"line":113,"type":"if","locations":[{"start":{"line":113,"column":8},"end":{"line":113,"column":8}},{"start":{"line":113,"column":8},"end":{"line":113,"column":8}}]},"10":{"line":120,"type":"if","locations":[{"start":{"line":120,"column":8},"end":{"line":120,"column":8}},{"start":{"line":120,"column":8},"end":{"line":120,"column":8}}]},"11":{"line":142,"type":"if","locations":[{"start":{"line":142,"column":8},"end":{"line":142,"column":8}},{"start":{"line":142,"column":8},"end":{"line":142,"column":8}}]}}}}